#
# A fatal error has been detected by the Java Runtime Environment:
#
#  EXCEPTION_ACCESS_VIOLATION (0xc0000005) at pc=0x77369f03, pid=36164, tid=37568
#
# JRE version: Java(TM) SE Runtime Environment (7.0_51-b13) (build 1.7.0_51-b13)
# Java VM: Java HotSpot(TM) Client VM (24.51-b03 mixed mode, sharing windows-x86 )
# Problematic frame:
# C  [ntdll.dll+0x49f03]
#
# Failed to write core dump. Minidumps are not enabled by default on client versions of Windows
#
# If you would like to submit a bug report, please visit:
#   http://bugreport.sun.com/bugreport/crash.jsp
# The crash happened outside the Java Virtual Machine in native code.
# See problematic frame for where to report the bug.
#

---------------  T H R E A D  ---------------

Current thread (0x0230c400):  JavaThread "main" [_thread_in_native, id=37568, stack(0x01f80000,0x01fd0000)]

siginfo: ExceptionCode=0xc0000005, reading address 0x000000b6

Registers:
EAX=0x04c46e6e, EBX=0x00000000, ECX=0x0000005b, EDX=0x00000065
ESP=0x01fce460, EBP=0x01fce480, ESI=0x00000000, EDI=0x000000ca
EIP=0x77369f03, EFLAGS=0x00010202

Top of Stack: (sp=0x01fce460)
0x01fce460:   00000065 01fce7b8 01fce588 00000000
0x01fce470:   00cc00ca 04c46de0 00000000 00000000
0x01fce480:   01fce520 77369d87 65ceb566 01fce80c
0x01fce490:   00000000 00000208 00000000 00000000
0x01fce4a0:   00000000 00000000 00000104 00000065
0x01fce4b0:   00000000 00000104 00000208 000000ca
0x01fce4c0:   00000000 00000000 00000000 01fce7b8
0x01fce4d0:   00000000 00000000 01fce553 00000000 

Instructions: (pc=0x77369f03)
0x77369ee3:   7c 4b fe 5c 75 04 49 89 4d a4 3b 4d 94 73 09 33
0x77369ef3:   c0 66 89 04 4b 8d 24 24 85 c9 74 16 49 89 4d a4
0x77369f03:   0f b7 04 4b 83 f8 20 74 e6 83 f8 2e 74 e1 41 89
0x77369f13:   4d a4 8d 14 09 66 89 55 d0 8b 7d 84 85 ff 74 29 


Register to memory mapping:

EAX=0x04c46e6e is an unknown value
EBX=0x00000000 is an unknown value
ECX=0x0000005b is an unknown value
EDX=0x00000065 is an unknown value
ESP=0x01fce460 is pointing into the stack for thread: 0x0230c400
EBP=0x01fce480 is pointing into the stack for thread: 0x0230c400
ESI=0x00000000 is an unknown value
EDI=0x000000ca is an unknown value


Stack: [0x01f80000,0x01fd0000],  sp=0x01fce460,  free space=313k
Native frames: (J=compiled Java code, j=interpreted, Vv=VM code, C=native code)
C  [ntdll.dll+0x49f03]
C  [ntdll.dll+0x49d87]
C  [ntdll.dll+0x4a4d5]
C  [ntdll.dll+0x604c1]
C  [KERNELBASE.dll+0x14089]
C  [KERNELBASE.dll+0x13fb2]
C  [java.dll+0xa353]
j  java.io.WinNTFileSystem.getLastModifiedTime(Ljava/io/File;)J+0
j  java.io.File.lastModified()J+29
j  org.codehaus.plexus.compiler.util.scan.StaleSourceScanner.getIncludedSources(Ljava/io/File;Ljava/io/File;)Ljava/util/Set;+173
j  org.apache.maven.plugin.compiler.AbstractCompilerMojo.computeStaleSources(Lorg/codehaus/plexus/compiler/CompilerConfiguration;Lorg/codehaus/plexus/compiler/Compiler;Lorg/codehaus/plexus/compiler/util/scan/SourceInclusionScanner;)Ljava/util/Set;+118
j  org.apache.maven.plugin.compiler.AbstractCompilerMojo.isSourceChanged(Lorg/codehaus/plexus/compiler/CompilerConfiguration;Lorg/codehaus/plexus/compiler/Compiler;)Z+11
j  org.apache.maven.plugin.compiler.AbstractCompilerMojo.execute()V+1369
j  org.apache.maven.plugin.compiler.CompilerMojo.execute()V+20
j  org.apache.maven.plugin.DefaultBuildPluginManager.executeMojo(Lorg/apache/maven/execution/MavenSession;Lorg/apache/maven/plugin/MojoExecution;)V+155
j  org.apache.maven.lifecycle.internal.MojoExecutor.execute(Lorg/apache/maven/execution/MavenSession;Lorg/apache/maven/plugin/MojoExecution;Lorg/apache/maven/lifecycle/internal/ProjectIndex;Lorg/apache/maven/lifecycle/internal/DependencyContext;)V+220
j  org.apache.maven.lifecycle.internal.MojoExecutor.execute(Lorg/apache/maven/execution/MavenSession;Lorg/apache/maven/plugin/MojoExecution;Lorg/apache/maven/lifecycle/internal/ProjectIndex;Lorg/apache/maven/lifecycle/internal/DependencyContext;Lorg/apache/maven/lifecycle/internal/PhaseRecorder;)V+6
j  org.apache.maven.lifecycle.internal.MojoExecutor.execute(Lorg/apache/maven/execution/MavenSession;Ljava/util/List;Lorg/apache/maven/lifecycle/internal/ProjectIndex;)V+60
j  org.apache.maven.lifecycle.internal.MojoExecutor.executeForkedExecutions(Lorg/apache/maven/plugin/MojoExecution;Lorg/apache/maven/execution/MavenSession;Lorg/apache/maven/lifecycle/internal/ProjectIndex;)Ljava/util/List;+242
j  org.apache.maven.lifecycle.internal.MojoExecutor.execute(Lorg/apache/maven/execution/MavenSession;Lorg/apache/maven/plugin/MojoExecution;Lorg/apache/maven/lifecycle/internal/ProjectIndex;Lorg/apache/maven/lifecycle/internal/DependencyContext;)V+186
j  org.apache.maven.lifecycle.internal.MojoExecutor.execute(Lorg/apache/maven/execution/MavenSession;Lorg/apache/maven/plugin/MojoExecution;Lorg/apache/maven/lifecycle/internal/ProjectIndex;Lorg/apache/maven/lifecycle/internal/DependencyContext;Lorg/apache/maven/lifecycle/internal/PhaseRecorder;)V+6
j  org.apache.maven.lifecycle.internal.MojoExecutor.execute(Lorg/apache/maven/execution/MavenSession;Ljava/util/List;Lorg/apache/maven/lifecycle/internal/ProjectIndex;)V+60
j  org.apache.maven.lifecycle.internal.LifecycleModuleBuilder.buildProject(Lorg/apache/maven/execution/MavenSession;Lorg/apache/maven/execution/MavenSession;Lorg/apache/maven/lifecycle/internal/ReactorContext;Lorg/apache/maven/project/MavenProject;Lorg/apache/maven/lifecycle/internal/TaskSegment;)V+180
j  org.apache.maven.lifecycle.internal.LifecycleModuleBuilder.buildProject(Lorg/apache/maven/execution/MavenSession;Lorg/apache/maven/lifecycle/internal/ReactorContext;Lorg/apache/maven/project/MavenProject;Lorg/apache/maven/lifecycle/internal/TaskSegment;)V+7
j  org.apache.maven.lifecycle.internal.builder.singlethreaded.SingleThreadedBuilder.build(Lorg/apache/maven/execution/MavenSession;Lorg/apache/maven/lifecycle/internal/ReactorContext;Lorg/apache/maven/lifecycle/internal/ProjectBuildList;Ljava/util/List;Lorg/apache/maven/lifecycle/internal/ReactorBuildStatus;)V+77
j  org.apache.maven.lifecycle.internal.LifecycleStarter.execute(Lorg/apache/maven/execution/MavenSession;)V+353
j  org.apache.maven.DefaultMaven.doExecute(Lorg/apache/maven/execution/MavenExecutionRequest;Lorg/apache/maven/execution/MavenSession;Lorg/apache/maven/execution/MavenExecutionResult;Lorg/eclipse/aether/DefaultRepositorySystemSession;)Lorg/apache/maven/execution/MavenExecutionResult;+414
j  org.apache.maven.DefaultMaven.doExecute(Lorg/apache/maven/execution/MavenExecutionRequest;)Lorg/apache/maven/execution/MavenExecutionResult;+99
j  org.apache.maven.DefaultMaven.execute(Lorg/apache/maven/execution/MavenExecutionRequest;)Lorg/apache/maven/execution/MavenExecutionResult;+2
j  org.apache.maven.cli.MavenCli.execute(Lorg/apache/maven/cli/CliRequest;)I+27
j  org.apache.maven.cli.MavenCli.doMain(Lorg/apache/maven/cli/CliRequest;)I+66
j  org.apache.maven.cli.MavenCli.main([Ljava/lang/String;Lorg/codehaus/plexus/classworlds/ClassWorld;)I+18
v  ~StubRoutines::call_stub
V  [jvm.dll+0x13f35a]
V  [jvm.dll+0x202c6e]
V  [jvm.dll+0x13f3dd]
V  [jvm.dll+0x14b6ee]
V  [jvm.dll+0x14b915]
V  [jvm.dll+0xf1309]
C  [java.dll+0x7d6e]
j  sun.reflect.NativeMethodAccessorImpl.invoke(Ljava/lang/Object;[Ljava/lang/Object;)Ljava/lang/Object;+87
j  sun.reflect.DelegatingMethodAccessorImpl.invoke(Ljava/lang/Object;[Ljava/lang/Object;)Ljava/lang/Object;+6
j  java.lang.reflect.Method.invoke(Ljava/lang/Object;[Ljava/lang/Object;)Ljava/lang/Object;+57
j  org.codehaus.plexus.classworlds.launcher.Launcher.launchEnhanced([Ljava/lang/String;)V+45
j  org.codehaus.plexus.classworlds.launcher.Launcher.launch([Ljava/lang/String;)V+2
j  org.codehaus.plexus.classworlds.launcher.Launcher.mainWithExitCode([Ljava/lang/String;)I+101
j  org.codehaus.plexus.classworlds.launcher.Launcher.main([Ljava/lang/String;)V+1
v  ~StubRoutines::call_stub
V  [jvm.dll+0x13f35a]
V  [jvm.dll+0x202c6e]
V  [jvm.dll+0x13f3dd]
V  [jvm.dll+0x14b6ee]
V  [jvm.dll+0x14b915]
V  [jvm.dll+0xf1309]
C  [java.dll+0x7d6e]
j  sun.reflect.NativeMethodAccessorImpl.invoke(Ljava/lang/Object;[Ljava/lang/Object;)Ljava/lang/Object;+87
j  sun.reflect.DelegatingMethodAccessorImpl.invoke(Ljava/lang/Object;[Ljava/lang/Object;)Ljava/lang/Object;+6
j  java.lang.reflect.Method.invoke(Ljava/lang/Object;[Ljava/lang/Object;)Ljava/lang/Object;+57
j  org.apache.maven.wrapper.BootstrapMainStarter.start([Ljava/lang/String;Ljava/io/File;)V+111
j  org.apache.maven.wrapper.WrapperExecutor.execute([Ljava/lang/String;Lorg/apache/maven/wrapper/Installer;Lorg/apache/maven/wrapper/BootstrapMainStarter;)V+14
j  org.apache.maven.wrapper.MavenWrapperMain.main([Ljava/lang/String;)V+80
v  ~StubRoutines::call_stub
V  [jvm.dll+0x13f35a]
V  [jvm.dll+0x202c6e]
V  [jvm.dll+0x13f3dd]
V  [jvm.dll+0xc9945]
V  [jvm.dll+0xd45e7]
C  [java.exe+0x2063]
C  [java.exe+0xa591]
C  [java.exe+0xa61b]
C  [KERNEL32.DLL+0x17c04]
C  [ntdll.dll+0x5ab8f]
C  [ntdll.dll+0x5ab5a]

Java frames: (J=compiled Java code, j=interpreted, Vv=VM code)
j  java.io.WinNTFileSystem.getLastModifiedTime(Ljava/io/File;)J+0
j  java.io.File.lastModified()J+29
j  org.codehaus.plexus.compiler.util.scan.StaleSourceScanner.getIncludedSources(Ljava/io/File;Ljava/io/File;)Ljava/util/Set;+173
j  org.apache.maven.plugin.compiler.AbstractCompilerMojo.computeStaleSources(Lorg/codehaus/plexus/compiler/CompilerConfiguration;Lorg/codehaus/plexus/compiler/Compiler;Lorg/codehaus/plexus/compiler/util/scan/SourceInclusionScanner;)Ljava/util/Set;+118
j  org.apache.maven.plugin.compiler.AbstractCompilerMojo.isSourceChanged(Lorg/codehaus/plexus/compiler/CompilerConfiguration;Lorg/codehaus/plexus/compiler/Compiler;)Z+11
j  org.apache.maven.plugin.compiler.AbstractCompilerMojo.execute()V+1369
j  org.apache.maven.plugin.compiler.CompilerMojo.execute()V+20
j  org.apache.maven.plugin.DefaultBuildPluginManager.executeMojo(Lorg/apache/maven/execution/MavenSession;Lorg/apache/maven/plugin/MojoExecution;)V+155
j  org.apache.maven.lifecycle.internal.MojoExecutor.execute(Lorg/apache/maven/execution/MavenSession;Lorg/apache/maven/plugin/MojoExecution;Lorg/apache/maven/lifecycle/internal/ProjectIndex;Lorg/apache/maven/lifecycle/internal/DependencyContext;)V+220
j  org.apache.maven.lifecycle.internal.MojoExecutor.execute(Lorg/apache/maven/execution/MavenSession;Lorg/apache/maven/plugin/MojoExecution;Lorg/apache/maven/lifecycle/internal/ProjectIndex;Lorg/apache/maven/lifecycle/internal/DependencyContext;Lorg/apache/maven/lifecycle/internal/PhaseRecorder;)V+6
j  org.apache.maven.lifecycle.internal.MojoExecutor.execute(Lorg/apache/maven/execution/MavenSession;Ljava/util/List;Lorg/apache/maven/lifecycle/internal/ProjectIndex;)V+60
j  org.apache.maven.lifecycle.internal.MojoExecutor.executeForkedExecutions(Lorg/apache/maven/plugin/MojoExecution;Lorg/apache/maven/execution/MavenSession;Lorg/apache/maven/lifecycle/internal/ProjectIndex;)Ljava/util/List;+242
j  org.apache.maven.lifecycle.internal.MojoExecutor.execute(Lorg/apache/maven/execution/MavenSession;Lorg/apache/maven/plugin/MojoExecution;Lorg/apache/maven/lifecycle/internal/ProjectIndex;Lorg/apache/maven/lifecycle/internal/DependencyContext;)V+186
j  org.apache.maven.lifecycle.internal.MojoExecutor.execute(Lorg/apache/maven/execution/MavenSession;Lorg/apache/maven/plugin/MojoExecution;Lorg/apache/maven/lifecycle/internal/ProjectIndex;Lorg/apache/maven/lifecycle/internal/DependencyContext;Lorg/apache/maven/lifecycle/internal/PhaseRecorder;)V+6
j  org.apache.maven.lifecycle.internal.MojoExecutor.execute(Lorg/apache/maven/execution/MavenSession;Ljava/util/List;Lorg/apache/maven/lifecycle/internal/ProjectIndex;)V+60
j  org.apache.maven.lifecycle.internal.LifecycleModuleBuilder.buildProject(Lorg/apache/maven/execution/MavenSession;Lorg/apache/maven/execution/MavenSession;Lorg/apache/maven/lifecycle/internal/ReactorContext;Lorg/apache/maven/project/MavenProject;Lorg/apache/maven/lifecycle/internal/TaskSegment;)V+180
j  org.apache.maven.lifecycle.internal.LifecycleModuleBuilder.buildProject(Lorg/apache/maven/execution/MavenSession;Lorg/apache/maven/lifecycle/internal/ReactorContext;Lorg/apache/maven/project/MavenProject;Lorg/apache/maven/lifecycle/internal/TaskSegment;)V+7
j  org.apache.maven.lifecycle.internal.builder.singlethreaded.SingleThreadedBuilder.build(Lorg/apache/maven/execution/MavenSession;Lorg/apache/maven/lifecycle/internal/ReactorContext;Lorg/apache/maven/lifecycle/internal/ProjectBuildList;Ljava/util/List;Lorg/apache/maven/lifecycle/internal/ReactorBuildStatus;)V+77
j  org.apache.maven.lifecycle.internal.LifecycleStarter.execute(Lorg/apache/maven/execution/MavenSession;)V+353
j  org.apache.maven.DefaultMaven.doExecute(Lorg/apache/maven/execution/MavenExecutionRequest;Lorg/apache/maven/execution/MavenSession;Lorg/apache/maven/execution/MavenExecutionResult;Lorg/eclipse/aether/DefaultRepositorySystemSession;)Lorg/apache/maven/execution/MavenExecutionResult;+414
j  org.apache.maven.DefaultMaven.doExecute(Lorg/apache/maven/execution/MavenExecutionRequest;)Lorg/apache/maven/execution/MavenExecutionResult;+99
j  org.apache.maven.DefaultMaven.execute(Lorg/apache/maven/execution/MavenExecutionRequest;)Lorg/apache/maven/execution/MavenExecutionResult;+2
j  org.apache.maven.cli.MavenCli.execute(Lorg/apache/maven/cli/CliRequest;)I+27
j  org.apache.maven.cli.MavenCli.doMain(Lorg/apache/maven/cli/CliRequest;)I+66
j  org.apache.maven.cli.MavenCli.main([Ljava/lang/String;Lorg/codehaus/plexus/classworlds/ClassWorld;)I+18
v  ~StubRoutines::call_stub
j  sun.reflect.NativeMethodAccessorImpl.invoke0(Ljava/lang/reflect/Method;Ljava/lang/Object;[Ljava/lang/Object;)Ljava/lang/Object;+0
j  sun.reflect.NativeMethodAccessorImpl.invoke(Ljava/lang/Object;[Ljava/lang/Object;)Ljava/lang/Object;+87
j  sun.reflect.DelegatingMethodAccessorImpl.invoke(Ljava/lang/Object;[Ljava/lang/Object;)Ljava/lang/Object;+6
j  java.lang.reflect.Method.invoke(Ljava/lang/Object;[Ljava/lang/Object;)Ljava/lang/Object;+57
j  org.codehaus.plexus.classworlds.launcher.Launcher.launchEnhanced([Ljava/lang/String;)V+45
j  org.codehaus.plexus.classworlds.launcher.Launcher.launch([Ljava/lang/String;)V+2
j  org.codehaus.plexus.classworlds.launcher.Launcher.mainWithExitCode([Ljava/lang/String;)I+101
j  org.codehaus.plexus.classworlds.launcher.Launcher.main([Ljava/lang/String;)V+1
v  ~StubRoutines::call_stub
j  sun.reflect.NativeMethodAccessorImpl.invoke0(Ljava/lang/reflect/Method;Ljava/lang/Object;[Ljava/lang/Object;)Ljava/lang/Object;+0
j  sun.reflect.NativeMethodAccessorImpl.invoke(Ljava/lang/Object;[Ljava/lang/Object;)Ljava/lang/Object;+87
j  sun.reflect.DelegatingMethodAccessorImpl.invoke(Ljava/lang/Object;[Ljava/lang/Object;)Ljava/lang/Object;+6
j  java.lang.reflect.Method.invoke(Ljava/lang/Object;[Ljava/lang/Object;)Ljava/lang/Object;+57
j  org.apache.maven.wrapper.BootstrapMainStarter.start([Ljava/lang/String;Ljava/io/File;)V+111
j  org.apache.maven.wrapper.WrapperExecutor.execute([Ljava/lang/String;Lorg/apache/maven/wrapper/Installer;Lorg/apache/maven/wrapper/BootstrapMainStarter;)V+14
j  org.apache.maven.wrapper.MavenWrapperMain.main([Ljava/lang/String;)V+80
v  ~StubRoutines::call_stub

---------------  P R O C E S S  ---------------

Java Threads: ( => current thread )
  0x020a7400 JavaThread "Service Thread" daemon [_thread_blocked, id=37368, stack(0x046b0000,0x04700000)]
  0x020a3400 JavaThread "C1 CompilerThread0" daemon [_thread_blocked, id=38452, stack(0x04620000,0x04670000)]
  0x020a1000 JavaThread "Attach Listener" daemon [_thread_blocked, id=34416, stack(0x04590000,0x045e0000)]
  0x020a0000 JavaThread "Signal Dispatcher" daemon [_thread_blocked, id=35344, stack(0x04500000,0x04550000)]
  0x02032400 JavaThread "Finalizer" daemon [_thread_blocked, id=34020, stack(0x04470000,0x044c0000)]
  0x02030c00 JavaThread "Reference Handler" daemon [_thread_blocked, id=38160, stack(0x043e0000,0x04430000)]
=>0x0230c400 JavaThread "main" [_thread_in_native, id=37568, stack(0x01f80000,0x01fd0000)]

Other Threads:
  0x0202ec00 VMThread [stack: 0x04350000,0x043a0000] [id=37260]
  0x020b8800 WatcherThread [stack: 0x04740000,0x04790000] [id=29936]

VM state:not at safepoint (normal execution)

VM Mutex/Monitor currently owned by a thread: None

Heap
 def new generation   total 8576K, used 3497K [0x241d0000, 0x24b10000, 0x29720000)
  eden space 7680K,  33% used [0x241d0000, 0x2445a628, 0x24950000)
  from space 896K, 100% used [0x24950000, 0x24a30000, 0x24a30000)
  to   space 896K,   0% used [0x24a30000, 0x24a30000, 0x24b10000)
 tenured generation   total 18928K, used 12916K [0x29720000, 0x2a99c000, 0x341d0000)
   the space 18928K,  68% used [0x29720000, 0x2a3bd1f8, 0x2a3bd200, 0x2a99c000)
 compacting perm gen  total 12288K, used 7441K [0x341d0000, 0x34dd0000, 0x381d0000)
   the space 12288K,  60% used [0x341d0000, 0x349145a8, 0x34914600, 0x34dd0000)
    ro space 10240K,  44% used [0x381d0000, 0x38647e30, 0x38648000, 0x38bd0000)
    rw space 12288K,  52% used [0x38bd0000, 0x3921eb58, 0x3921ec00, 0x397d0000)

Card table byte_map: [0x021c0000,0x02270000] byte_map_base: 0x0209f180

Polling page: 0x00630000

Code Cache  [0x02310000, 0x02598000, 0x04310000)
 total_blobs=1566 nmethods=1397 adapters=105 free_code_cache=30187Kb largest_free_block=30906624

Compilation events (10 events):
Event: 3.231 Thread 0x020a3400 1411             org.eclipse.sisu.bean.DeclaredMembers$MemberIterator::next (5 bytes)
Event: 3.231 Thread 0x020a3400 nmethod 1411 0x024f7448 code [0x024f7560, 0x024f76a8]
Event: 3.231 Thread 0x020a3400 1412             org.eclipse.sisu.bean.DeclaredMembers$MemberIterator::next (32 bytes)
Event: 3.231 Thread 0x020a3400 nmethod 1412 0x024f70c8 code [0x024f71e0, 0x024f7328]
Event: 3.246 Thread 0x020a3400 1413             org.codehaus.plexus.util.SelectorUtils::match (629 bytes)
Event: 3.248 Thread 0x020a3400 nmethod 1413 0x02593508 code [0x025936f0, 0x02594148]
Event: 3.248 Thread 0x020a3400 1414             org.codehaus.plexus.util.SelectorUtils::tokenizePath (40 bytes)
Event: 3.248 Thread 0x020a3400 nmethod 1414 0x024f6c48 code [0x024f6d80, 0x024f6f3c]
Event: 3.266 Thread 0x020a3400 1415             org.codehaus.plexus.util.SelectorUtils::matchPath (560 bytes)
Event: 3.267 Thread 0x020a3400 nmethod 1415 0x02594d08 code [0x02594f90, 0x02595aa4]

GC Heap History (10 events):
Event: 2.820 GC heap before
{Heap before GC invocations=34 (full 2):
 def new generation   total 8576K, used 8175K [0x241d0000, 0x24b10000, 0x29720000)
  eden space 7680K, 100% used [0x241d0000, 0x24950000, 0x24950000)
  from space 896K,  55% used [0x24a30000, 0x24aabcd8, 0x24b10000)
  to   space 896K,   0% used [0x24950000, 0x24950000, 0x24a30000)
 tenured generation   total 18928K, used 11356K [0x29720000, 0x2a99c000, 0x341d0000)
   the space 18928K,  59% used [0x29720000, 0x2a237328, 0x2a237400, 0x2a99c000)
 compacting perm gen  total 12288K, used 6880K [0x341d0000, 0x34dd0000, 0x381d0000)
   the space 12288K,  55% used [0x341d0000, 0x34888250, 0x34888400, 0x34dd0000)
    ro space 10240K,  44% used [0x381d0000, 0x38647e30, 0x38648000, 0x38bd0000)
    rw space 12288K,  52% used [0x38bd0000, 0x3921eb58, 0x3921ec00, 0x397d0000)
Event: 2.822 GC heap after
Heap after GC invocations=35 (full 2):
 def new generation   total 8576K, used 664K [0x241d0000, 0x24b10000, 0x29720000)
  eden space 7680K,   0% used [0x241d0000, 0x241d0000, 0x24950000)
  from space 896K,  74% used [0x24950000, 0x249f63b0, 0x24a30000)
  to   space 896K,   0% used [0x24a30000, 0x24a30000, 0x24b10000)
 tenured generation   total 18928K, used 11673K [0x29720000, 0x2a99c000, 0x341d0000)
   the space 18928K,  61% used [0x29720000, 0x2a286558, 0x2a286600, 0x2a99c000)
 compacting perm gen  total 12288K, used 6880K [0x341d0000, 0x34dd0000, 0x381d0000)
   the space 12288K,  55% used [0x341d0000, 0x34888250, 0x34888400, 0x34dd0000)
    ro space 10240K,  44% used [0x381d0000, 0x38647e30, 0x38648000, 0x38bd0000)
    rw space 12288K,  52% used [0x38bd0000, 0x3921eb58, 0x3921ec00, 0x397d0000)
}
Event: 2.951 GC heap before
{Heap before GC invocations=35 (full 2):
 def new generation   total 8576K, used 8344K [0x241d0000, 0x24b10000, 0x29720000)
  eden space 7680K, 100% used [0x241d0000, 0x24950000, 0x24950000)
  from space 896K,  74% used [0x24950000, 0x249f63b0, 0x24a30000)
  to   space 896K,   0% used [0x24a30000, 0x24a30000, 0x24b10000)
 tenured generation   total 18928K, used 11673K [0x29720000, 0x2a99c000, 0x341d0000)
   the space 18928K,  61% used [0x29720000, 0x2a286558, 0x2a286600, 0x2a99c000)
 compacting perm gen  total 12288K, used 7245K [0x341d0000, 0x34dd0000, 0x381d0000)
   the space 12288K,  58% used [0x341d0000, 0x348e3588, 0x348e3600, 0x34dd0000)
    ro space 10240K,  44% used [0x381d0000, 0x38647e30, 0x38648000, 0x38bd0000)
    rw space 12288K,  52% used [0x38bd0000, 0x3921eb58, 0x3921ec00, 0x397d0000)
Event: 2.954 GC heap after
Heap after GC invocations=36 (full 2):
 def new generation   total 8576K, used 896K [0x241d0000, 0x24b10000, 0x29720000)
  eden space 7680K,   0% used [0x241d0000, 0x241d0000, 0x24950000)
  from space 896K, 100% used [0x24a30000, 0x24b10000, 0x24b10000)
  to   space 896K,   0% used [0x24950000, 0x24950000, 0x24a30000)
 tenured generation   total 18928K, used 12105K [0x29720000, 0x2a99c000, 0x341d0000)
   the space 18928K,  63% used [0x29720000, 0x2a2f2408, 0x2a2f2600, 0x2a99c000)
 compacting perm gen  total 12288K, used 7245K [0x341d0000, 0x34dd0000, 0x381d0000)
   the space 12288K,  58% used [0x341d0000, 0x348e3588, 0x348e3600, 0x34dd0000)
    ro space 10240K,  44% used [0x381d0000, 0x38647e30, 0x38648000, 0x38bd0000)
    rw space 12288K,  52% used [0x38bd0000, 0x3921eb58, 0x3921ec00, 0x397d0000)
}
Event: 3.029 GC heap before
{Heap before GC invocations=36 (full 2):
 def new generation   total 8576K, used 8576K [0x241d0000, 0x24b10000, 0x29720000)
  eden space 7680K, 100% used [0x241d0000, 0x24950000, 0x24950000)
  from space 896K, 100% used [0x24a30000, 0x24b10000, 0x24b10000)
  to   space 896K,   0% used [0x24950000, 0x24950000, 0x24a30000)
 tenured generation   total 18928K, used 12105K [0x29720000, 0x2a99c000, 0x341d0000)
   the space 18928K,  63% used [0x29720000, 0x2a2f2408, 0x2a2f2600, 0x2a99c000)
 compacting perm gen  total 12288K, used 7245K [0x341d0000, 0x34dd0000, 0x381d0000)
   the space 12288K,  58% used [0x341d0000, 0x348e3598, 0x348e3600, 0x34dd0000)
    ro space 10240K,  44% used [0x381d0000, 0x38647e30, 0x38648000, 0x38bd0000)
    rw space 12288K,  52% used [0x38bd0000, 0x3921eb58, 0x3921ec00, 0x397d0000)
Event: 3.034 GC heap after
Heap after GC invocations=37 (full 2):
 def new generation   total 8576K, used 486K [0x241d0000, 0x24b10000, 0x29720000)
  eden space 7680K,   0% used [0x241d0000, 0x241d0000, 0x24950000)
  from space 896K,  54% used [0x24950000, 0x249c9a18, 0x24a30000)
  to   space 896K,   0% used [0x24a30000, 0x24a30000, 0x24b10000)
 tenured generation   total 18928K, used 12486K [0x29720000, 0x2a99c000, 0x341d0000)
   the space 18928K,  65% used [0x29720000, 0x2a351a70, 0x2a351c00, 0x2a99c000)
 compacting perm gen  total 12288K, used 7245K [0x341d0000, 0x34dd0000, 0x381d0000)
   the space 12288K,  58% used [0x341d0000, 0x348e3598, 0x348e3600, 0x34dd0000)
    ro space 10240K,  44% used [0x381d0000, 0x38647e30, 0x38648000, 0x38bd0000)
    rw space 12288K,  52% used [0x38bd0000, 0x3921eb58, 0x3921ec00, 0x397d0000)
}
Event: 3.103 GC heap before
{Heap before GC invocations=37 (full 2):
 def new generation   total 8576K, used 8166K [0x241d0000, 0x24b10000, 0x29720000)
  eden space 7680K, 100% used [0x241d0000, 0x24950000, 0x24950000)
  from space 896K,  54% used [0x24950000, 0x249c9a18, 0x24a30000)
  to   space 896K,   0% used [0x24a30000, 0x24a30000, 0x24b10000)
 tenured generation   total 18928K, used 12486K [0x29720000, 0x2a99c000, 0x341d0000)
   the space 18928K,  65% used [0x29720000, 0x2a351a70, 0x2a351c00, 0x2a99c000)
 compacting perm gen  total 12288K, used 7245K [0x341d0000, 0x34dd0000, 0x381d0000)
   the space 12288K,  58% used [0x341d0000, 0x348e35a8, 0x348e3600, 0x34dd0000)
    ro space 10240K,  44% used [0x381d0000, 0x38647e30, 0x38648000, 0x38bd0000)
    rw space 12288K,  52% used [0x38bd0000, 0x3921eb58, 0x3921ec00, 0x397d0000)
Event: 3.106 GC heap after
Heap after GC invocations=38 (full 2):
 def new generation   total 8576K, used 354K [0x241d0000, 0x24b10000, 0x29720000)
  eden space 7680K,   0% used [0x241d0000, 0x241d0000, 0x24950000)
  from space 896K,  39% used [0x24a30000, 0x24a88930, 0x24b10000)
  to   space 896K,   0% used [0x24950000, 0x24950000, 0x24a30000)
 tenured generation   total 18928K, used 12845K [0x29720000, 0x2a99c000, 0x341d0000)
   the space 18928K,  67% used [0x29720000, 0x2a3ab608, 0x2a3ab800, 0x2a99c000)
 compacting perm gen  total 12288K, used 7245K [0x341d0000, 0x34dd0000, 0x381d0000)
   the space 12288K,  58% used [0x341d0000, 0x348e35a8, 0x348e3600, 0x34dd0000)
    ro space 10240K,  44% used [0x381d0000, 0x38647e30, 0x38648000, 0x38bd0000)
    rw space 12288K,  52% used [0x38bd0000, 0x3921eb58, 0x3921ec00, 0x397d0000)
}
Event: 3.206 GC heap before
{Heap before GC invocations=38 (full 2):
 def new generation   total 8576K, used 8034K [0x241d0000, 0x24b10000, 0x29720000)
  eden space 7680K, 100% used [0x241d0000, 0x24950000, 0x24950000)
  from space 896K,  39% used [0x24a30000, 0x24a88930, 0x24b10000)
  to   space 896K,   0% used [0x24950000, 0x24950000, 0x24a30000)
 tenured generation   total 18928K, used 12845K [0x29720000, 0x2a99c000, 0x341d0000)
   the space 18928K,  67% used [0x29720000, 0x2a3ab608, 0x2a3ab800, 0x2a99c000)
 compacting perm gen  total 12288K, used 7293K [0x341d0000, 0x34dd0000, 0x381d0000)
   the space 12288K,  59% used [0x341d0000, 0x348ef728, 0x348ef800, 0x34dd0000)
    ro space 10240K,  44% used [0x381d0000, 0x38647e30, 0x38648000, 0x38bd0000)
    rw space 12288K,  52% used [0x38bd0000, 0x3921eb58, 0x3921ec00, 0x397d0000)
Event: 3.209 GC heap after
Heap after GC invocations=39 (full 2):
 def new generation   total 8576K, used 896K [0x241d0000, 0x24b10000, 0x29720000)
  eden space 7680K,   0% used [0x241d0000, 0x241d0000, 0x24950000)
  from space 896K, 100% used [0x24950000, 0x24a30000, 0x24a30000)
  to   space 896K,   0% used [0x24a30000, 0x24a30000, 0x24b10000)
 tenured generation   total 18928K, used 12916K [0x29720000, 0x2a99c000, 0x341d0000)
   the space 18928K,  68% used [0x29720000, 0x2a3bd1f8, 0x2a3bd200, 0x2a99c000)
 compacting perm gen  total 12288K, used 7293K [0x341d0000, 0x34dd0000, 0x381d0000)
   the space 12288K,  59% used [0x341d0000, 0x348ef728, 0x348ef800, 0x34dd0000)
    ro space 10240K,  44% used [0x381d0000, 0x38647e30, 0x38648000, 0x38bd0000)
    rw space 12288K,  52% used [0x38bd0000, 0x3921eb58, 0x3921ec00, 0x397d0000)
}

Deoptimization events (0 events):
No events

Internal exceptions (10 events):
Event: 3.242 Thread 0x0230c400 Threw 0x2433f670 at C:\re\jdk7u51\527\hotspot\src\share\vm\prims\jvm.cpp:1244
Event: 3.250 Thread 0x0230c400 Threw 0x243a8028 at C:\re\jdk7u51\527\hotspot\src\share\vm\prims\jvm.cpp:1244
Event: 3.251 Thread 0x0230c400 Threw 0x243ac9d0 at C:\re\jdk7u51\527\hotspot\src\share\vm\prims\jvm.cpp:1244
Event: 3.251 Thread 0x0230c400 Threw 0x243ad0b0 at C:\re\jdk7u51\527\hotspot\src\share\vm\prims\jvm.cpp:1244
Event: 3.251 Thread 0x0230c400 Threw 0x243b25b8 at C:\re\jdk7u51\527\hotspot\src\share\vm\prims\jvm.cpp:1244
Event: 3.251 Thread 0x0230c400 Threw 0x243b2c58 at C:\re\jdk7u51\527\hotspot\src\share\vm\prims\jvm.cpp:1244
Event: 3.251 Thread 0x0230c400 Threw 0x243bb588 at C:\re\jdk7u51\527\hotspot\src\share\vm\prims\jvm.cpp:1244
Event: 3.251 Thread 0x0230c400 Threw 0x243bbba0 at C:\re\jdk7u51\527\hotspot\src\share\vm\prims\jvm.cpp:1244
Event: 3.252 Thread 0x0230c400 Threw 0x243c6368 at C:\re\jdk7u51\527\hotspot\src\share\vm\prims\jvm.cpp:1244
Event: 3.264 Thread 0x0230c400 Threw 0x243e2838 at C:\re\jdk7u51\527\hotspot\src\share\vm\prims\jvm.cpp:1244

Events (10 events):
Event: 3.251 loading class 0x04876778
Event: 3.251 loading class 0x04876778 done
Event: 3.252 loading class 0x04c1ebe0
Event: 3.252 loading class 0x04c1ebe0 done
Event: 3.252 loading class 0x04c1ebe0
Event: 3.252 loading class 0x04c1ebe0 done
Event: 3.264 loading class 0x04da5408
Event: 3.264 loading class 0x04da5408 done
Event: 3.264 loading class 0x04da5408
Event: 3.264 loading class 0x04da5408 done


Dynamic libraries:
0x00370000 - 0x0039f000 	C:\Program Files (x86)\Java\jdk1.7.0_51\bin\java.exe
0x77320000 - 0x7748f000 	C:\WINDOWS\SYSTEM32\ntdll.dll
0x75010000 - 0x75150000 	C:\WINDOWS\SYSTEM32\KERNEL32.DLL
0x74cb0000 - 0x74d87000 	C:\WINDOWS\SYSTEM32\KERNELBASE.dll
0x73150000 - 0x731f0000 	C:\WINDOWS\system32\apphelp.dll
0x72550000 - 0x727b6000 	C:\WINDOWS\AppPatch\AcGenral.DLL
0x77050000 - 0x77113000 	C:\WINDOWS\SYSTEM32\msvcrt.dll
0x76700000 - 0x76741000 	C:\WINDOWS\SYSTEM32\sechost.dll
0x76640000 - 0x7665e000 	C:\WINDOWS\SYSTEM32\SspiCli.dll
0x76950000 - 0x76995000 	C:\WINDOWS\SYSTEM32\SHLWAPI.dll
0x72e80000 - 0x72f6d000 	C:\WINDOWS\SYSTEM32\UxTheme.dll
0x76750000 - 0x768a3000 	C:\WINDOWS\SYSTEM32\USER32.dll
0x76db0000 - 0x76ebf000 	C:\WINDOWS\SYSTEM32\GDI32.dll
0x74570000 - 0x74593000 	C:\WINDOWS\SYSTEM32\WINMM.dll
0x74490000 - 0x744a3000 	C:\WINDOWS\SYSTEM32\samcli.dll
0x77120000 - 0x77249000 	C:\WINDOWS\SYSTEM32\ole32.dll
0x768b0000 - 0x76947000 	C:\WINDOWS\SYSTEM32\OLEAUT32.dll
0x6e9a0000 - 0x6e9b7000 	C:\WINDOWS\SYSTEM32\MSACM32.dll
0x74270000 - 0x74278000 	C:\WINDOWS\SYSTEM32\VERSION.dll
0x75380000 - 0x7663a000 	C:\WINDOWS\SYSTEM32\SHELL32.dll
0x745e0000 - 0x745fb000 	C:\WINDOWS\SYSTEM32\USERENV.dll
0x6e940000 - 0x6e95a000 	C:\WINDOWS\SYSTEM32\dwmapi.dll
0x73440000 - 0x7358c000 	C:\WINDOWS\SYSTEM32\urlmon.dll
0x74c30000 - 0x74cac000 	C:\WINDOWS\SYSTEM32\ADVAPI32.dll
0x741b0000 - 0x74215000 	C:\WINDOWS\SYSTEM32\WINSPOOL.DRV
0x6d380000 - 0x6d396000 	C:\WINDOWS\SYSTEM32\MPR.dll
0x74b10000 - 0x74bca000 	C:\WINDOWS\SYSTEM32\RPCRT4.dll
0x74b00000 - 0x74b0a000 	C:\WINDOWS\SYSTEM32\CRYPTBASE.dll
0x75160000 - 0x752dd000 	C:\WINDOWS\SYSTEM32\combase.dll
0x74540000 - 0x74563000 	C:\WINDOWS\SYSTEM32\WINMMBASE.dll
0x74790000 - 0x7479f000 	C:\WINDOWS\SYSTEM32\profapi.dll
0x736f0000 - 0x73924000 	C:\WINDOWS\SYSTEM32\iertutil.dll
0x73930000 - 0x73b8d000 	C:\WINDOWS\SYSTEM32\WININET.dll
0x74aa0000 - 0x74af4000 	C:\WINDOWS\SYSTEM32\bcryptPrimitives.dll
0x74da0000 - 0x74ddc000 	C:\WINDOWS\SYSTEM32\cfgmgr32.dll
0x74240000 - 0x74261000 	C:\WINDOWS\SYSTEM32\DEVOBJ.dll
0x747a0000 - 0x7482b000 	C:\WINDOWS\SYSTEM32\SHCORE.DLL
0x76bc0000 - 0x76be7000 	C:\WINDOWS\system32\IMM32.DLL
0x76ec0000 - 0x76fd2000 	C:\WINDOWS\SYSTEM32\MSCTF.dll
0x73f10000 - 0x74116000 	C:\WINDOWS\WinSxS\x86_microsoft.windows.common-controls_6595b64144ccf1df_6.0.9600.18006_none_a9ec6aab013aafee\COMCTL32.dll
0x73630000 - 0x736ef000 	C:\Program Files (x86)\Java\jdk1.7.0_51\jre\bin\msvcr100.dll
0x721d0000 - 0x72550000 	C:\Program Files (x86)\Java\jdk1.7.0_51\jre\bin\client\jvm.dll
0x741a0000 - 0x741a8000 	C:\WINDOWS\SYSTEM32\WSOCK32.dll
0x74de0000 - 0x74de6000 	C:\WINDOWS\SYSTEM32\PSAPI.DLL
0x74df0000 - 0x74e3f000 	C:\WINDOWS\SYSTEM32\WS2_32.dll
0x76fe0000 - 0x76fe7000 	C:\WINDOWS\SYSTEM32\NSI.dll
0x74480000 - 0x7448c000 	C:\Program Files (x86)\Java\jdk1.7.0_51\jre\bin\verify.dll
0x74290000 - 0x742b0000 	C:\Program Files (x86)\Java\jdk1.7.0_51\jre\bin\java.dll
0x74220000 - 0x74233000 	C:\Program Files (x86)\Java\jdk1.7.0_51\jre\bin\zip.dll
0x73610000 - 0x73624000 	C:\Program Files (x86)\Java\jdk1.7.0_51\jre\bin\net.dll
0x6dc60000 - 0x6dcab000 	C:\WINDOWS\system32\mswsock.dll
0x74470000 - 0x7447f000 	C:\Program Files (x86)\Java\jdk1.7.0_51\jre\bin\nio.dll
0x74640000 - 0x74781000 	C:\WINDOWS\SYSTEM32\dbghelp.dll

VM Arguments:
jvm_args: -Dmaven.multiModuleProjectDirectory=C:\java workspace\ProjectManagersLab 
java_command: org.apache.maven.wrapper.MavenWrapperMain spring-boot:run
Launcher Type: SUN_STANDARD

Environment Variables:
JAVA_HOME=C:\Program Files (x86)\Java\jdk1.7.0_51
PATH=C:\ProgramData\Oracle\Java\javapath;C:\Program Files\NVIDIA GPU Computing Toolkit\CUDA\v7.5\bin;C:\Program Files\NVIDIA GPU Computing Toolkit\CUDA\v7.5\libnvvp;C:\Program Files\Microsoft HPC Pack 2008 SDK\Bin\;C:\Program Files (x86)\Intel\iCLS Client\;C:\Program Files\Intel\iCLS Client\;C:\Windows\system32;C:\Windows;C:\Windows\System32\Wbem;C:\Windows\System32\WindowsPowerShell\v1.0\;C:\Program Files (x86)\Acer\abFiles\;C:\Program Files\Intel\Intel(R) Management Engine Components\DAL;C:\Program Files (x86)\Intel\Intel(R) Management Engine Components\DAL;C:\Program Files\Intel\Intel(R) Management Engine Components\IPT;C:\Program Files (x86)\Intel\Intel(R) Management Engine Components\IPT;C:\Users\Admin\.dnx\bin;C:\Program Files\Microsoft DNX\Dnvm\;C:\Program Files (x86)\Windows Kits\8.1\Windows Performance Toolkit\;C:\Program Files (x86)\Skype\Phone\;C:\Program Files\Microsoft\Web Platform Installer\;C:\Program Files (x86)\Java\jre7\bin;C:\Program Files (x86)\NVIDIA Corporation\PhysX\Common;C:\Program Files\Microsoft SQL Server\110\Tools\Binn\;C:\Program Files (x86)\Windows Live\Shared
USERNAME=Admin
OS=Windows_NT
PROCESSOR_IDENTIFIER=Intel64 Family 6 Model 61 Stepping 4, GenuineIntel



---------------  S Y S T E M  ---------------

OS: Windows 8 , 64 bit Build 9200 

CPU:total 4 (2 cores per cpu, 2 threads per core) family 6 model 61 stepping 4, cmov, cx8, fxsr, mmx, sse, sse2, sse3, ssse3, sse4.1, sse4.2, popcnt, avx, avx2, aes, erms, ht, tsc, tscinvbit

Memory: 4k page, physical 6204752k(1289884k free), swap 12546488k(3347640k free)

vm_info: Java HotSpot(TM) Client VM (24.51-b03) for windows-x86 JRE (1.7.0_51-b13), built on Dec 18 2013 19:09:58 by "java_re" with unknown MS VC++:1600

time: Wed Oct 12 00:06:19 2016
elapsed time: 3 seconds

